EDA Netlist Writer report for DE0_myfirstfpga
Wed Dec 28 08:25:27 2016
Quartus Prime Version 16.0.0 Build 211 04/27/2016 SJ Lite Edition


---------------------
; Table of Contents ;
---------------------
  1. Legal Notice
  2. EDA Netlist Writer Summary
  3. Simulation Settings
  4. Simulation Generated Files
  5. EDA Netlist Writer Messages



----------------
; Legal Notice ;
----------------
Copyright (C) 1991-2016 Altera Corporation. All rights reserved.
Your use of Altera Corporation's design tools, logic functions 
and other software and tools, and its AMPP partner logic 
functions, and any output files from any of the foregoing 
(including device programming or simulation files), and any 
associated documentation or information are expressly subject 
to the terms and conditions of the Altera Program License 
Subscription Agreement, the Altera Quartus Prime License Agreement,
the Altera MegaCore Function License Agreement, or other 
applicable license agreement, including, without limitation, 
that your use is for the sole purpose of programming logic 
devices manufactured by Altera and sold by Altera or its 
authorized distributors.  Please refer to the applicable 
agreement for further details.



+-------------------------------------------------------------------+
; EDA Netlist Writer Summary                                        ;
+---------------------------+---------------------------------------+
; EDA Netlist Writer Status ; Successful - Wed Dec 28 08:25:27 2016 ;
; Revision Name             ; DE0_myfirstfpga                       ;
; Top-level Entity Name     ; DE0_myfirstfpga                       ;
; Family                    ; Cyclone IV E                          ;
; Simulation Files Creation ; Successful                            ;
+---------------------------+---------------------------------------+


+----------------------------------------------------------------------------------------------------------------------------+
; Simulation Settings                                                                                                        ;
+---------------------------------------------------------------------------------------------------+------------------------+
; Option                                                                                            ; Setting                ;
+---------------------------------------------------------------------------------------------------+------------------------+
; Tool Name                                                                                         ; ModelSim-Altera (VHDL) ;
; Generate functional simulation netlist                                                            ; Off                    ;
; Time scale                                                                                        ; 1 ps                   ;
; Truncate long hierarchy paths                                                                     ; Off                    ;
; Map illegal HDL characters                                                                        ; Off                    ;
; Flatten buses into individual nodes                                                               ; Off                    ;
; Maintain hierarchy                                                                                ; Off                    ;
; Bring out device-wide set/reset signals as ports                                                  ; Off                    ;
; Enable glitch filtering                                                                           ; Off                    ;
; Do not write top level VHDL entity                                                                ; Off                    ;
; Disable detection of setup and hold time violations in the input registers of bi-directional pins ; Off                    ;
; Architecture name in VHDL output netlist                                                          ; structure              ;
; Generate third-party EDA tool command script for RTL functional simulation                        ; Off                    ;
; Generate third-party EDA tool command script for gate-level simulation                            ; Off                    ;
+---------------------------------------------------------------------------------------------------+------------------------+


+--------------------------------------------------------------------------------------------------------------------------------------------+
; Simulation Generated Files                                                                                                                 ;
+--------------------------------------------------------------------------------------------------------------------------------------------+
; Generated Files                                                                                                                            ;
+--------------------------------------------------------------------------------------------------------------------------------------------+
; C:/Users/bowler/Documents/de0_nano_DAC/de0_nano_DAC/DE0_12bitDAC_controller/simulation/modelsim/DE0_myfirstfpga_6_1200mv_85c_slow.vho      ;
; C:/Users/bowler/Documents/de0_nano_DAC/de0_nano_DAC/DE0_12bitDAC_controller/simulation/modelsim/DE0_myfirstfpga_6_1200mv_0c_slow.vho       ;
; C:/Users/bowler/Documents/de0_nano_DAC/de0_nano_DAC/DE0_12bitDAC_controller/simulation/modelsim/DE0_myfirstfpga_min_1200mv_0c_fast.vho     ;
; C:/Users/bowler/Documents/de0_nano_DAC/de0_nano_DAC/DE0_12bitDAC_controller/simulation/modelsim/DE0_myfirstfpga.vho                        ;
; C:/Users/bowler/Documents/de0_nano_DAC/de0_nano_DAC/DE0_12bitDAC_controller/simulation/modelsim/DE0_myfirstfpga_6_1200mv_85c_vhd_slow.sdo  ;
; C:/Users/bowler/Documents/de0_nano_DAC/de0_nano_DAC/DE0_12bitDAC_controller/simulation/modelsim/DE0_myfirstfpga_6_1200mv_0c_vhd_slow.sdo   ;
; C:/Users/bowler/Documents/de0_nano_DAC/de0_nano_DAC/DE0_12bitDAC_controller/simulation/modelsim/DE0_myfirstfpga_min_1200mv_0c_vhd_fast.sdo ;
; C:/Users/bowler/Documents/de0_nano_DAC/de0_nano_DAC/DE0_12bitDAC_controller/simulation/modelsim/DE0_myfirstfpga_vhd.sdo                    ;
+--------------------------------------------------------------------------------------------------------------------------------------------+


+-----------------------------+
; EDA Netlist Writer Messages ;
+-----------------------------+
Info: *******************************************************************
Info: Running Quartus Prime EDA Netlist Writer
    Info: Version 16.0.0 Build 211 04/27/2016 SJ Lite Edition
    Info: Processing started: Wed Dec 28 08:25:25 2016
Info: Command: quartus_eda --read_settings_files=off --write_settings_files=off DE0_12bitDAC_controller -c DE0_myfirstfpga
Info (204019): Generated file DE0_myfirstfpga_6_1200mv_85c_slow.vho in folder "C:/Users/bowler/Documents/de0_nano_DAC/de0_nano_DAC/DE0_12bitDAC_controller/simulation/modelsim/" for EDA simulation tool
Info (204019): Generated file DE0_myfirstfpga_6_1200mv_0c_slow.vho in folder "C:/Users/bowler/Documents/de0_nano_DAC/de0_nano_DAC/DE0_12bitDAC_controller/simulation/modelsim/" for EDA simulation tool
Info (204019): Generated file DE0_myfirstfpga_min_1200mv_0c_fast.vho in folder "C:/Users/bowler/Documents/de0_nano_DAC/de0_nano_DAC/DE0_12bitDAC_controller/simulation/modelsim/" for EDA simulation tool
Info (204019): Generated file DE0_myfirstfpga.vho in folder "C:/Users/bowler/Documents/de0_nano_DAC/de0_nano_DAC/DE0_12bitDAC_controller/simulation/modelsim/" for EDA simulation tool
Info (204019): Generated file DE0_myfirstfpga_6_1200mv_85c_vhd_slow.sdo in folder "C:/Users/bowler/Documents/de0_nano_DAC/de0_nano_DAC/DE0_12bitDAC_controller/simulation/modelsim/" for EDA simulation tool
Info (204019): Generated file DE0_myfirstfpga_6_1200mv_0c_vhd_slow.sdo in folder "C:/Users/bowler/Documents/de0_nano_DAC/de0_nano_DAC/DE0_12bitDAC_controller/simulation/modelsim/" for EDA simulation tool
Info (204019): Generated file DE0_myfirstfpga_min_1200mv_0c_vhd_fast.sdo in folder "C:/Users/bowler/Documents/de0_nano_DAC/de0_nano_DAC/DE0_12bitDAC_controller/simulation/modelsim/" for EDA simulation tool
Info (204019): Generated file DE0_myfirstfpga_vhd.sdo in folder "C:/Users/bowler/Documents/de0_nano_DAC/de0_nano_DAC/DE0_12bitDAC_controller/simulation/modelsim/" for EDA simulation tool
Info: Quartus Prime EDA Netlist Writer was successful. 0 errors, 0 warnings
    Info: Peak virtual memory: 723 megabytes
    Info: Processing ended: Wed Dec 28 08:25:27 2016
    Info: Elapsed time: 00:00:02
    Info: Total CPU time (on all processors): 00:00:02


